sudo nmap -sU -p5353 --script=dns-service-discovery 192.168.30.243

Starting Nmap 7.60 ( https://nmap.org ) at 2020-03-27 21:44 PDT
Nmap scan report for miracast-sidescreen (192.168.30.243)
Host is up (0.0073s latency).

PORT     STATE SERVICE
5353/udp open  zeroconf
| dns-service-discovery:
|   7000/tcp airplay
|     deviceid=3A:1D:D9:41:DB:FF
|     features=0x0A7FEFF0
|     flags=0x4
|     rmodel=EZAir1,1
|     model=AppleTV3,2
|     srcvers=220.68
|     vv=2
|     pk=dcc0e586ab5071a24c3da9c5d6cab31ae6503b51560d4dc00901f5d085ff3825
|     pi=b08f5a79-db29-4384-b456-a4784d9e6055
|     Address=192.168.30.243
|   7000/tcp raop
|     cn=0,1,3
|     da=true
|     et=0,3,5
|     ft=0x0A7FEFF0
|     md=0,1,2
|     tp=UDP
|     vn=65537
|     vs=220.68
|     rmodel=EZAir1,1
|     am=AppleTV3,2
|     vv=2
|     sf=0x4
|     pk=dcc0e586ab5071a24c3da9c5d6cab31ae6503b51560d4dc00901f5d085ff3825
|_    Address=192.168.30.243

Nmap done: 1 IP address (1 host up) scanned in 0.78 seconds
